0 info it worked if it ends with ok
1 verbose cli [ 'C:\\Program Files\\nodejs\\node.exe',
1 verbose cli   'C:\\Users\\hailong.dang\\AppData\\Roaming\\npm\\node_modules\\cnpm\\node_modules\\npm\\bin\\npm-cli.js',
1 verbose cli   '--userconfig=C:\\Users\\hailong.dang\\.cnpmrc',
1 verbose cli   '--disturl=https://npm.taobao.org/mirrors/node',
1 verbose cli   '--registry=https://registry.npm.taobao.org',
1 verbose cli   'run',
1 verbose cli   'dev' ]
2 info using npm@3.10.10
3 info using node@v6.11.5
4 verbose run-script [ 'predev', 'dev', 'postdev' ]
5 info lifecycle primerprj@1.0.0~predev: primerprj@1.0.0
6 silly lifecycle primerprj@1.0.0~predev: no script for predev, continuing
7 info lifecycle primerprj@1.0.0~dev: primerprj@1.0.0
8 verbose lifecycle primerprj@1.0.0~dev: unsafe-perm in lifecycle true
9 verbose lifecycle primerprj@1.0.0~dev: PATH: C:\Users\hailong.dang\AppData\Roaming\npm\node_modules\cnpm\node_modules\npm\bin\node-gyp-bin;E:\TechFund\PPT\PrimerPrj\node_modules\.bin;C:\Program Files (x86)\Common Files\NetSarang;C:\Program Files\Docker\Docker\Resources\bin;C:\ProgramData\Oracle\Java\javapath;C:\WINDOWS\system32;C:\WINDOWS;C:\WINDOWS\System32\Wbem;C:\WINDOWS\System32\WindowsPowerShell\v1.0\;C:\Program Files\Java\jdk1.8.0_102\bin;C:\Program Files\Java\jdk1.8.0_102\jre\bin;C:\Program Files\TortoiseSVN\bin;C:\Program Files (x86)\Windows Kits\8.1\Windows Performance Toolkit\;C:\Program Files\Microsoft SQL Server\110\Tools\Binn\;C:\Program Files (x86)\Microsoft SDKs\TypeScript\1.0\;C:\Program Files\Microsoft SQL Server\120\Tools\Binn\;C:\Program Files\gradle-4.2\bin;C:\Qt\Qt5.7.0\5.7\msvc2013\bin;D:\Program Files\MongoDB\Server\3.4\bin;C:\Program Files (x86)\nasm-2.12.02;C:\Program Files (x86)\Perl\bin;C:\Program Files (x86)\Perl\site\bin;C:\OpenSSL102j\bin;C:\Program Files\Git\cmd;C:\Ruby23\bin;C:\Program Files\Python\Python36;C:\MinGW\bin;D:\Program Files\apache-maven-3.3.9\bin;D:\Program Files\CloudFoundry;C:\Users\hailong.dang\AppData\Roaming\Python\Python36\Scripts;D:\Program Files\VirtualBox;C:\Program Files\Cloud Foundry;D:\Program Files\Cloud Foundry;D:\Program Files\TortoiseGit\bin;D:\Program Files\erl9.1\bin;D:\Program Files\RabbitMQ Server\rabbitmq_server-3.6.12\sbin;C:\Program Files\nodejs\;C:\ProgramData\chocolatey\bin;C:\Users\hailong.dang\AppData\Local\Android\Sdk\tools;C:\Users\hailong.dang\AppData\Local\Android\Sdk\platform-tools;C:\Ruby23\bin;C:\Users\hailong.dang\AppData\Local\Microsoft\WindowsApps;C:\Program Files (x86)\Microsoft VS Code\bin;C:\Users\hailong.dang\AppData\Roaming\npm;
10 verbose lifecycle primerprj@1.0.0~dev: CWD: E:\TechFund\PPT\PrimerPrj
11 silly lifecycle primerprj@1.0.0~dev: Args: [ '/d /s /c',
11 silly lifecycle   'webpack-dev-server --inline --progress --config build/webpack.dev.conf.js' ]
12 silly lifecycle primerprj@1.0.0~dev: Returned: code: 3221225786  signal: null
13 info lifecycle primerprj@1.0.0~dev: Failed to exec dev script
14 verbose stack Error: primerprj@1.0.0 dev: `webpack-dev-server --inline --progress --config build/webpack.dev.conf.js`
14 verbose stack Exit status 3221225786
14 verbose stack     at EventEmitter.<anonymous> (C:\Users\hailong.dang\AppData\Roaming\npm\node_modules\cnpm\node_modules\npm\lib\utils\lifecycle.js:255:16)
14 verbose stack     at emitTwo (events.js:106:13)
14 verbose stack     at EventEmitter.emit (events.js:191:7)
14 verbose stack     at ChildProcess.<anonymous> (C:\Users\hailong.dang\AppData\Roaming\npm\node_modules\cnpm\node_modules\npm\lib\utils\spawn.js:40:14)
14 verbose stack     at emitTwo (events.js:106:13)
14 verbose stack     at ChildProcess.emit (events.js:191:7)
14 verbose stack     at maybeClose (internal/child_process.js:920:16)
14 verbose stack     at Process.ChildProcess._handle.onexit (internal/child_process.js:230:5)
15 verbose pkgid primerprj@1.0.0
16 verbose cwd E:\TechFund\PPT\PrimerPrj
17 error Windows_NT 10.0.16299
18 error argv "C:\\Program Files\\nodejs\\node.exe" "C:\\Users\\hailong.dang\\AppData\\Roaming\\npm\\node_modules\\cnpm\\node_modules\\npm\\bin\\npm-cli.js" "--userconfig=C:\\Users\\hailong.dang\\.cnpmrc" "--disturl=https://npm.taobao.org/mirrors/node" "--registry=https://registry.npm.taobao.org" "run" "dev"
19 error node v6.11.5
20 error npm  v3.10.10
21 error code ELIFECYCLE
22 error primerprj@1.0.0 dev: `webpack-dev-server --inline --progress --config build/webpack.dev.conf.js`
22 error Exit status 3221225786
23 error Failed at the primerprj@1.0.0 dev script 'webpack-dev-server --inline --progress --config build/webpack.dev.conf.js'.
23 error Make sure you have the latest version of node.js and npm installed.
23 error If you do, this is most likely a problem with the primerprj package,
23 error not with npm itself.
23 error Tell the author that this fails on your system:
23 error     webpack-dev-server --inline --progress --config build/webpack.dev.conf.js
23 error You can get information on how to open an issue for this project with:
23 error     npm bugs primerprj
23 error Or if that isn't available, you can get their info via:
23 error     npm owner ls primerprj
23 error There is likely additional logging output above.
24 verbose exit [ 1, true ]
